#
# There is insufficient memory for the Java Runtime Environment to continue.
# Native memory allocation (mmap) failed to map 130023424 bytes for G1 virtual space
# Possible reasons:
#   The system is out of physical RAM or swap space
#   The process is running with CompressedOops enabled, and the Java Heap may be blocking the growth of the native heap
# Possible solutions:
#   Reduce memory load on the system
#   Increase physical memory or swap space
#   Check if swap backing store is full
#   Decrease Java heap size (-Xmx/-Xms)
#   Decrease number of Java threads
#   Decrease Java thread stack sizes (-Xss)
#   Set larger code cache with -XX:ReservedCodeCacheSize=
#   JVM is running with Unscaled Compressed Oops mode in which the Java heap is
#     placed in the first 4GB address space. The Java Heap base address is the
#     maximum limit for the native heap growth. Please use -XX:HeapBaseMinAddress
#     to set the Java Heap base and to place the Java Heap above 4GB virtual address.
# This output file may be truncated or incomplete.
#
#  Out of Memory Error (os_windows.cpp:3613), pid=26960, tid=4988
#
# JRE version:  (17.0.10+7) (build )
# Java VM: OpenJDK 64-Bit Server VM (17.0.10+7, mixed mode, sharing, tiered, compressed oops, compressed class ptrs, g1 gc, windows-amd64)
# No core dump will be written. Minidumps are not enabled by default on client versions of Windows
#

---------------  S U M M A R Y ------------

Command Line: -Dfile.encoding=UTF-8 -Dstdout.encoding=UTF-8 -Dstderr.encoding=UTF-8 -XX:+ShowCodeDetailsInExceptionMessages gui.ThanhToan

Host: 11th Gen Intel(R) Core(TM) i5-11400H @ 2.70GHz, 12 cores, 7G,  Windows 11 , 64 bit Build 22621 (10.0.22621.3374)
Time: Wed May  8 12:05:04 2024 SE Asia Standard Time elapsed time: 0.015404 seconds (0d 0h 0m 0s)

---------------  T H R E A D  ---------------

Current thread (0x000001dbc686c690):  JavaThread "Unknown thread" [_thread_in_vm, id=4988, stack(0x0000002863f00000,0x0000002864000000)]

Stack: [0x0000002863f00000,0x0000002864000000]
Native frames: (J=compiled Java code, j=interpreted, Vv=VM code, C=native code)
V  [jvm.dll+0x67d2c9]
V  [jvm.dll+0x834afa]
V  [jvm.dll+0x8365be]
V  [jvm.dll+0x836c23]
V  [jvm.dll+0x2477ff]
V  [jvm.dll+0x67a109]
V  [jvm.dll+0x66eb7a]
V  [jvm.dll+0x30764b]
V  [jvm.dll+0x30eaf6]
V  [jvm.dll+0x35e83e]
V  [jvm.dll+0x35ea6f]
V  [jvm.dll+0x2de248]
V  [jvm.dll+0x2df1b4]
V  [jvm.dll+0x806361]
V  [jvm.dll+0x36c6f1]
V  [jvm.dll+0x7e4e06]
V  [jvm.dll+0x3eff3f]
V  [jvm.dll+0x3f1b71]
C  [jli.dll+0x528f]
C  [ucrtbase.dll+0x29333]
C  [KERNEL32.DLL+0x1257d]
C  [ntdll.dll+0x5aa48]


---------------  P R O C E S S  ---------------

Threads class SMR info:
_java_thread_list=0x00007ff876d0ee98, length=0, elements={
}

Java Threads: ( => current thread )

Other Threads:
  0x000001dbc68c8720 GCTaskThread "GC Thread#0" [stack: 0x0000002864000000,0x0000002864100000] [id=25396]
  0x000001dbc68f6030 ConcurrentGCThread "G1 Main Marker" [stack: 0x0000002864100000,0x0000002864200000] [id=10464]
  0x000001dbc68f6a50 ConcurrentGCThread "G1 Conc#0" [stack: 0x0000002864200000,0x0000002864300000] [id=7716]

[error occurred during error reporting (printing all threads), id 0xc0000005, EXCEPTION_ACCESS_VIOLATION (0xc0000005) at pc=0x00007ff8764cec87]

VM state: not at safepoint (not fully initialized)

VM Mutex/Monitor currently owned by a thread:  ([mutex/lock_event])
[0x000001dbc6867c50] Heap_lock - owner thread: 0x000001dbc686c690

Heap address: 0x0000000084400000, size: 1980 MB, Compressed Oops mode: 32-bit

CDS archive(s) mapped at: [0x0000000000000000-0x0000000000000000-0x0000000000000000), size 0, SharedBaseAddress: 0x0000000800000000, ArchiveRelocationMode: 1.
Narrow klass base: 0x0000000000000000, Narrow klass shift: 0, Narrow klass range: 0x0

GC Precious Log:
<Empty>

Heap:
 garbage-first heap   total 0K, used 0K [0x0000000084400000, 0x0000000100000000)
  region size 1024K, 0 young (0K), 0 survivors (0K)

[error occurred during error reporting (printing heap information), id 0xc0000005, EXCEPTION_ACCESS_VIOLATION (0xc0000005) at pc=0x00007ff8768b6fb9]

GC Heap History (0 events):
No events

Dll operation events (1 events):
Event: 0.009 Loaded shared library C:\Users\kenhs\.p2\pool\plugins\org.eclipse.justj.openjdk.hotspot.jre.full.win32.x86_64_17.0.10.v20240120-1143\jre\bin\java.dll

Deoptimization events (0 events):
No events

Classes unloaded (0 events):
No events

Classes redefined (0 events):
No events

Internal exceptions (0 events):
No events

VM Operations (0 events):
No events

Events (0 events):
No events


Dynamic libraries:
0x00007ff753140000 - 0x00007ff75314e000 	C:\Users\kenhs\.p2\pool\plugins\org.eclipse.justj.openjdk.hotspot.jre.full.win32.x86_64_17.0.10.v20240120-1143\jre\bin\javaw.exe
0x00007ff91bed0000 - 0x00007ff91c0e6000 	C:\WINDOWS\SYSTEM32\ntdll.dll
0x00007ff91a4f0000 - 0x00007ff91a5b4000 	C:\WINDOWS\System32\KERNEL32.DLL
0x00007ff919850000 - 0x00007ff919bf7000 	C:\WINDOWS\System32\KERNELBASE.dll
0x00007ff9195a0000 - 0x00007ff9196b1000 	C:\WINDOWS\System32\ucrtbase.dll
0x00007ff900f50000 - 0x00007ff900f6b000 	C:\Users\kenhs\.p2\pool\plugins\org.eclipse.justj.openjdk.hotspot.jre.full.win32.x86_64_17.0.10.v20240120-1143\jre\bin\VCRUNTIME140.dll
0x00007ff900f70000 - 0x00007ff900f87000 	C:\Users\kenhs\.p2\pool\plugins\org.eclipse.justj.openjdk.hotspot.jre.full.win32.x86_64_17.0.10.v20240120-1143\jre\bin\jli.dll
0x00007ff91a5c0000 - 0x00007ff91a76e000 	C:\WINDOWS\System32\USER32.dll
0x00007ff9191f0000 - 0x00007ff919216000 	C:\WINDOWS\System32\win32u.dll
0x00007ff8fd2f0000 - 0x00007ff8fd583000 	C:\WINDOWS\WinSxS\amd64_microsoft.windows.common-controls_6595b64144ccf1df_6.0.22621.3235_none_270f74e173860f98\COMCTL32.dll
0x00007ff919d60000 - 0x00007ff919d89000 	C:\WINDOWS\System32\GDI32.dll
0x00007ff919e50000 - 0x00007ff919ef7000 	C:\WINDOWS\System32\msvcrt.dll
0x00007ff919730000 - 0x00007ff919849000 	C:\WINDOWS\System32\gdi32full.dll
0x00007ff919390000 - 0x00007ff91942a000 	C:\WINDOWS\System32\msvcp_win.dll
0x00007ff91a160000 - 0x00007ff91a191000 	C:\WINDOWS\System32\IMM32.DLL
0x00007ff90fc60000 - 0x00007ff90fc6c000 	C:\Users\kenhs\.p2\pool\plugins\org.eclipse.justj.openjdk.hotspot.jre.full.win32.x86_64_17.0.10.v20240120-1143\jre\bin\vcruntime140_1.dll
0x00007ff8df720000 - 0x00007ff8df7ad000 	C:\Users\kenhs\.p2\pool\plugins\org.eclipse.justj.openjdk.hotspot.jre.full.win32.x86_64_17.0.10.v20240120-1143\jre\bin\msvcp140.dll
0x00007ff8761e0000 - 0x00007ff876e42000 	C:\Users\kenhs\.p2\pool\plugins\org.eclipse.justj.openjdk.hotspot.jre.full.win32.x86_64_17.0.10.v20240120-1143\jre\bin\server\jvm.dll
0x00007ff919d90000 - 0x00007ff919e42000 	C:\WINDOWS\System32\ADVAPI32.dll
0x00007ff91ba10000 - 0x00007ff91bab8000 	C:\WINDOWS\System32\sechost.dll
0x00007ff919570000 - 0x00007ff919598000 	C:\WINDOWS\System32\bcrypt.dll
0x00007ff91bac0000 - 0x00007ff91bbd5000 	C:\WINDOWS\System32\RPCRT4.dll
0x00007ff90fa60000 - 0x00007ff90fa94000 	C:\WINDOWS\SYSTEM32\WINMM.dll
0x00007ff918060000 - 0x00007ff9180ad000 	C:\WINDOWS\SYSTEM32\POWRPROF.dll
0x00007ff906c50000 - 0x00007ff906c59000 	C:\WINDOWS\SYSTEM32\WSOCK32.dll
0x00007ff90ee30000 - 0x00007ff90ee3a000 	C:\WINDOWS\SYSTEM32\VERSION.dll
0x00007ff919f00000 - 0x00007ff919f71000 	C:\WINDOWS\System32\WS2_32.dll
0x00007ff918040000 - 0x00007ff918053000 	C:\WINDOWS\SYSTEM32\UMPDC.dll
0x00007ff9182f0000 - 0x00007ff918308000 	C:\WINDOWS\SYSTEM32\kernel.appcore.dll
0x00007ff900f40000 - 0x00007ff900f4a000 	C:\Users\kenhs\.p2\pool\plugins\org.eclipse.justj.openjdk.hotspot.jre.full.win32.x86_64_17.0.10.v20240120-1143\jre\bin\jimage.dll
0x00007ff916b00000 - 0x00007ff916d33000 	C:\WINDOWS\SYSTEM32\DBGHELP.DLL
0x00007ff91a770000 - 0x00007ff91aaf8000 	C:\WINDOWS\System32\combase.dll
0x00007ff91a1a0000 - 0x00007ff91a277000 	C:\WINDOWS\System32\OLEAUT32.dll
0x00007ff90d8c0000 - 0x00007ff90d8f2000 	C:\WINDOWS\SYSTEM32\dbgcore.DLL
0x00007ff919430000 - 0x00007ff9194a9000 	C:\WINDOWS\System32\bcryptPrimitives.dll
0x00007ff8fe590000 - 0x00007ff8fe5b5000 	C:\Users\kenhs\.p2\pool\plugins\org.eclipse.justj.openjdk.hotspot.jre.full.win32.x86_64_17.0.10.v20240120-1143\jre\bin\java.dll

dbghelp: loaded successfully - version: 4.0.5 - missing functions: none
symbol engine: initialized successfully - sym options: 0x614 - pdb path: .;C:\Users\kenhs\.p2\pool\plugins\org.eclipse.justj.openjdk.hotspot.jre.full.win32.x86_64_17.0.10.v20240120-1143\jre\bin;C:\WINDOWS\SYSTEM32;C:\WINDOWS\WinSxS\amd64_microsoft.windows.common-controls_6595b64144ccf1df_6.0.22621.3235_none_270f74e173860f98;C:\Users\kenhs\.p2\pool\plugins\org.eclipse.justj.openjdk.hotspot.jre.full.win32.x86_64_17.0.10.v20240120-1143\jre\bin\server

VM Arguments:
jvm_args: -Dfile.encoding=UTF-8 -Dstdout.encoding=UTF-8 -Dstderr.encoding=UTF-8 -XX:+ShowCodeDetailsInExceptionMessages 
java_command: gui.ThanhToan
java_class_path (initial): C:\Users\kenhs\git\repository2\QuanLyBanVePhim_Nhom24\bin;C:\Users\kenhs\git\repository2\QuanLyBanVePhim_Nhom24\Itext\itextpdf-5.5.13.3.jar;C:\Users\kenhs\git\repository2\QuanLyBanVePhim_Nhom24\thuvienpoi\commons-codec-1.11.jar;C:\Users\kenhs\git\repository2\QuanLyBanVePhim_Nhom24\thuvienpoi\commons-collections4-4.2.jar;C:\Users\kenhs\git\repository2\QuanLyBanVePhim_Nhom24\thuvienpoi\commons-compress-1.18.jar;C:\Users\kenhs\git\repository2\QuanLyBanVePhim_Nhom24\thuvienpoi\poi-4.0.1.jar;C:\Users\kenhs\git\repository2\QuanLyBanVePhim_Nhom24\thuvienpoi\poi-ooxml-4.0.1.jar;C:\Users\kenhs\git\repository2\QuanLyBanVePhim_Nhom24\thuvienpoi\poi-ooxml-schemas-4.0.1.jar;C:\Users\kenhs\git\repository2\QuanLyBanVePhim_Nhom24\thuvienpoi\xmlbeans-3.0.2.jar;C:\Users\kenhs\git\repository2\QuanLyBanVePhim_Nhom24\miglayout15-swing.jar;C:\Users\kenhs\git\repository2\QuanLyBanVePhim_Nhom24\jgoodies-forms-1.8.0.jar;C:\Users\kenhs\git\repository2\QuanLyBanVePhim_Nhom24\thuvien\sqljdbc42.jar
Launcher Type: SUN_STANDARD

[Global flags]
     intx CICompilerCount                          = 4                                         {product} {ergonomic}
     uint ConcGCThreads                            = 3                                         {product} {ergonomic}
     uint G1ConcRefinementThreads                  = 10                                        {product} {ergonomic}
   size_t G1HeapRegionSize                         = 1048576                                   {product} {ergonomic}
    uintx GCDrainStackTargetSize                   = 64                                        {product} {ergonomic}
   size_t InitialHeapSize                          = 130023424                                 {product} {ergonomic}
   size_t MarkStackSize                            = 4194304                                   {product} {ergonomic}
   size_t MaxHeapSize                              = 2076180480                                {product} {ergonomic}
   size_t MinHeapDeltaBytes                        = 1048576                                   {product} {ergonomic}
   size_t MinHeapSize                              = 8388608                                   {product} {ergonomic}
    uintx NonNMethodCodeHeapSize                   = 5839372                                {pd product} {ergonomic}
    uintx NonProfiledCodeHeapSize                  = 122909434                              {pd product} {ergonomic}
    uintx ProfiledCodeHeapSize                     = 122909434                              {pd product} {ergonomic}
    uintx ReservedCodeCacheSize                    = 251658240                              {pd product} {ergonomic}
     bool SegmentedCodeCache                       = true                                      {product} {ergonomic}
     bool ShowCodeDetailsInExceptionMessages       = true                                   {manageable} {command line}
   size_t SoftMaxHeapSize                          = 2076180480                             {manageable} {ergonomic}
     bool UseCompressedClassPointers               = true                           {product lp64_product} {ergonomic}
     bool UseCompressedOops                        = true                           {product lp64_product} {ergonomic}
     bool UseG1GC                                  = true                                      {product} {ergonomic}
     bool UseLargePagesIndividualAllocation        = false                                  {pd product} {ergonomic}

Logging:
Log output configuration:
 #0: stdout all=warning uptime,level,tags
 #1: stderr all=off uptime,level,tags

Environment Variables:
PATH=C:/Users/kenhs/.p2/pool/plugins/org.eclipse.justj.openjdk.hotspot.jre.full.win32.x86_64_22.0.0.v20240322-1225/jre/bin/server;C:/Users/kenhs/.p2/pool/plugins/org.eclipse.justj.openjdk.hotspot.jre.full.win32.x86_64_22.0.0.v20240322-1225/jre/bin;C:\Program Files\Common Files\Oracle\Java\javapath;C:\Windows\system32;C:\Windows;C:\Windows\System32\Wbem;C:\Windows\System32\WindowsPowerShell\v1.0\;C:\Windows\System32\OpenSSH\;C:\Program Files (x86)\NVIDIA Corporation\PhysX\Common;C:\Program Files\NVIDIA Corporation\NVIDIA NvDLISR;C:\WINDOWS\system32;C:\WINDOWS;C:\WINDOWS\System32\Wbem;C:\WINDOWS\System32\WindowsPowerShell\v1.0\;C:\WINDOWS\System32\OpenSSH\;C:\Program Files\MongoDB\Server\6.0\bin;C:\Program Files\MongoDB\Tools\100\bin;C:\Program Files (x86)\Microsoft SQL Server\160\Tools\Binn\;C:\Program Files\Microsoft SQL Server\160\Tools\Binn\;C:\Program Files\Microsoft SQL Server\Client SDK\ODBC\170\Tools\Binn\;C:\Program Files\Microsoft SQL Server\160\DTS\Binn\;C:\Program Files (x86)\Microsoft SQL Server\160\DTS\Binn\;C:\Program Files\Azure Data Studio\bin;C:\Users\kenhs\AppData\Local\Programs\Python\Python312\Scripts;C:\Program Files\Git\cmd;C:\Users\kenhs\AppData\Local\Microsoft\WindowsApps;C:\Users\kenhs\AppData\Local\Programs\Microsoft VS Code\bin;C:\Users\kenhs\AppData\Local\Programs\mongosh\;C:\Program Files\Azure Data Studio\bin;C:\Users\kenhs\AppData\Local\GitHubDesktop\bin;C:\Users\kenhs\OneDrive\Desktop;
USERNAME=kenhs
OS=Windows_NT
PROCESSOR_IDENTIFIER=Intel64 Family 6 Model 141 Stepping 1, GenuineIntel
TMP=C:\Users\kenhs\AppData\Local\Temp
TEMP=C:\Users\kenhs\AppData\Local\Temp



Periodic native trim disabled


---------------  S Y S T E M  ---------------

OS:
 Windows 11 , 64 bit Build 22621 (10.0.22621.3374)
OS uptime: 0 days 20:50 hours
Hyper-V role detected

CPU: total 12 (initial active 12) (6 cores per cpu, 2 threads per core) family 6 model 141 stepping 1 microcode 0x34, cx8, cmov, fxsr, ht, mmx, 3dnowpref, sse, sse2, sse3, ssse3, sse4.1, sse4.2, popcnt, lzcnt, tsc, tscinvbit, avx, avx2, aes, erms, clmul, bmi1, bmi2, adx, avx512f, avx512dq, avx512cd, avx512bw, avx512vl, sha, fma, vzeroupper, avx512_vpopcntdq, avx512_vpclmulqdq, avx512_vaes, avx512_vnni, clflush, clflushopt, clwb, avx512_vbmi2, avx512_vbmi, hv
Processor Information for all 12 processors :
  Max Mhz: 2688, Current Mhz: 2688, Mhz Limit: 2688

Memory: 4k page, system-wide physical 7914M (454M free)
TotalPageFile size 32487M (AvailPageFile size 81M)
current process WorkingSet (physical memory assigned to process): 10M, peak: 10M
current process commit charge ("private bytes"): 64M, peak: 188M

vm_info: OpenJDK 64-Bit Server VM (17.0.10+7) for windows-amd64 JRE (17.0.10+7), built on Jan 16 2024 23:25:11 by "admin" with MS VC++ 16.10 / 16.11 (VS2019)

END.
